<?xml version="1.0" encoding="UTF-8"?>
<!-- Generated by org.testng.reporters.JUnitXMLReporter -->
<testsuite hostname="Mayur-PC" ignored="3" name="REST API Testing" tests="3" failures="0" timestamp="19 Dec 2018 09:37:18 GMT" time="7.063" errors="0">
  <testcase name="getPOSTstatus" time="4.908" classname="test.TestMethods"/>
  <testcase name="getPOSTJSON" time="1.059" classname="test.TestMethods"/>
  <testcase name="getPOSTHeaders" time="0.988" classname="test.TestMethods"/>
  <testcase name="getGETJSON" time="0.0" classname="test.TestMethods">
    <ignored/>
  </testcase> <!-- getGETJSON -->
  <testcase name="getGETHeaders" time="0.0" classname="test.TestMethods">
    <ignored/>
  </testcase> <!-- getGETHeaders -->
  <testcase name="getGETStatus" time="0.0" classname="test.TestMethods">
    <ignored/>
  </testcase> <!-- getGETStatus -->
</testsuite> <!-- REST API Testing -->
